05-07-2021 12:25:45.676 [Gauge] [INFO] Watching directory: C:\Users\testinium\Desktop\testAppiumGetir\Mobile\Mobile\specs
05-07-2021 12:25:45.677 [Gauge] [DEBUG] Found 2 files
05-07-2021 12:25:45.686 [Gauge] [INFO] Initializing concepts cache with 16 concepts
05-07-2021 12:25:45.686 [Gauge] [DEBUG] Adding concepts from C:\Users\testinium\Desktop\testAppiumGetir\Mobile\Mobile\specs\getirsample.cpt
05-07-2021 12:25:45.686 [Gauge] [DEBUG] Adding concepts from C:\Users\testinium\Desktop\testAppiumGetir\Mobile\Mobile\specs\getirsample.cpt
05-07-2021 12:25:45.686 [Gauge] [DEBUG] Adding concepts from C:\Users\testinium\Desktop\testAppiumGetir\Mobile\Mobile\specs\getirsample.cpt
05-07-2021 12:25:45.686 [Gauge] [DEBUG] Adding concepts from C:\Users\testinium\Desktop\testAppiumGetir\Mobile\Mobile\specs\getirsample.cpt
05-07-2021 12:25:45.686 [Gauge] [DEBUG] Adding concepts from C:\Users\testinium\Desktop\testAppiumGetir\Mobile\Mobile\specs\getirsample.cpt
05-07-2021 12:25:45.686 [Gauge] [DEBUG] Adding concepts from C:\Users\testinium\Desktop\testAppiumGetir\Mobile\Mobile\specs\getirsample.cpt
05-07-2021 12:25:45.686 [Gauge] [DEBUG] Adding concepts from C:\Users\testinium\Desktop\testAppiumGetir\Mobile\Mobile\specs\getirsample.cpt
05-07-2021 12:25:45.686 [Gauge] [DEBUG] Adding concepts from C:\Users\testinium\Desktop\testAppiumGetir\Mobile\Mobile\specs\getirsample.cpt
05-07-2021 12:25:45.686 [Gauge] [DEBUG] Adding concepts from C:\Users\testinium\Desktop\testAppiumGetir\Mobile\Mobile\specs\getirsample.cpt
05-07-2021 12:25:45.686 [Gauge] [DEBUG] Adding concepts from C:\Users\testinium\Desktop\testAppiumGetir\Mobile\Mobile\specs\getirsample.cpt
05-07-2021 12:25:45.686 [Gauge] [DEBUG] Adding concepts from C:\Users\testinium\Desktop\testAppiumGetir\Mobile\Mobile\specs\getirsample.cpt
05-07-2021 12:25:45.686 [Gauge] [DEBUG] Adding concepts from C:\Users\testinium\Desktop\testAppiumGetir\Mobile\Mobile\specs\getirsample.cpt
05-07-2021 12:25:45.686 [Gauge] [DEBUG] Adding concepts from C:\Users\testinium\Desktop\testAppiumGetir\Mobile\Mobile\specs\getirsample.cpt
05-07-2021 12:25:45.686 [Gauge] [DEBUG] Adding concepts from C:\Users\testinium\Desktop\testAppiumGetir\Mobile\Mobile\specs\getirsample.cpt
05-07-2021 12:25:45.686 [Gauge] [DEBUG] Adding concepts from C:\Users\testinium\Desktop\testAppiumGetir\Mobile\Mobile\specs\getirsample.cpt
05-07-2021 12:25:45.686 [Gauge] [DEBUG] Adding concepts from C:\Users\testinium\Desktop\testAppiumGetir\Mobile\Mobile\specs\getirsample.cpt
05-07-2021 12:25:45.687 [Gauge] [INFO] Initializing specs cache with 1 specs
05-07-2021 12:25:45.687 [Gauge] [DEBUG] Adding specs from C:\Users\testinium\Desktop\testAppiumGetir\Mobile\Mobile\specs\getirsample.spec
05-07-2021 12:25:45.687 [Gauge] [INFO] Initializing steps cache with 2 steps
05-07-2021 12:25:45.687 [Gauge] [INFO] Gauge daemon initialized and listening on port: 62952
05-07-2021 12:27:21.189 [Gauge] [INFO] Watching directory: C:\Users\testinium\Desktop\testAppiumGetir\Mobile\Mobile\specs
05-07-2021 12:27:21.213 [Gauge] [INFO] Initializing concepts cache with 16 concepts
05-07-2021 12:27:21.252 [Gauge] [DEBUG] Adding concepts from C:\Users\testinium\Desktop\testAppiumGetir\Mobile\Mobile\specs\getirsample.cpt
05-07-2021 12:27:21.252 [Gauge] [DEBUG] Adding concepts from C:\Users\testinium\Desktop\testAppiumGetir\Mobile\Mobile\specs\getirsample.cpt
05-07-2021 12:27:21.252 [Gauge] [DEBUG] Adding concepts from C:\Users\testinium\Desktop\testAppiumGetir\Mobile\Mobile\specs\getirsample.cpt
05-07-2021 12:27:21.252 [Gauge] [DEBUG] Adding concepts from C:\Users\testinium\Desktop\testAppiumGetir\Mobile\Mobile\specs\getirsample.cpt
05-07-2021 12:27:21.252 [Gauge] [DEBUG] Adding concepts from C:\Users\testinium\Desktop\testAppiumGetir\Mobile\Mobile\specs\getirsample.cpt
05-07-2021 12:27:21.252 [Gauge] [DEBUG] Adding concepts from C:\Users\testinium\Desktop\testAppiumGetir\Mobile\Mobile\specs\getirsample.cpt
05-07-2021 12:27:21.252 [Gauge] [DEBUG] Adding concepts from C:\Users\testinium\Desktop\testAppiumGetir\Mobile\Mobile\specs\getirsample.cpt
05-07-2021 12:27:21.252 [Gauge] [DEBUG] Adding concepts from C:\Users\testinium\Desktop\testAppiumGetir\Mobile\Mobile\specs\getirsample.cpt
05-07-2021 12:27:21.252 [Gauge] [DEBUG] Adding concepts from C:\Users\testinium\Desktop\testAppiumGetir\Mobile\Mobile\specs\getirsample.cpt
05-07-2021 12:27:21.252 [Gauge] [DEBUG] Adding concepts from C:\Users\testinium\Desktop\testAppiumGetir\Mobile\Mobile\specs\getirsample.cpt
05-07-2021 12:27:21.252 [Gauge] [DEBUG] Adding concepts from C:\Users\testinium\Desktop\testAppiumGetir\Mobile\Mobile\specs\getirsample.cpt
05-07-2021 12:27:21.252 [Gauge] [DEBUG] Adding concepts from C:\Users\testinium\Desktop\testAppiumGetir\Mobile\Mobile\specs\getirsample.cpt
05-07-2021 12:27:21.252 [Gauge] [DEBUG] Adding concepts from C:\Users\testinium\Desktop\testAppiumGetir\Mobile\Mobile\specs\getirsample.cpt
05-07-2021 12:27:21.252 [Gauge] [DEBUG] Adding concepts from C:\Users\testinium\Desktop\testAppiumGetir\Mobile\Mobile\specs\getirsample.cpt
05-07-2021 12:27:21.252 [Gauge] [DEBUG] Adding concepts from C:\Users\testinium\Desktop\testAppiumGetir\Mobile\Mobile\specs\getirsample.cpt
05-07-2021 12:27:21.252 [Gauge] [DEBUG] Adding concepts from C:\Users\testinium\Desktop\testAppiumGetir\Mobile\Mobile\specs\getirsample.cpt
05-07-2021 12:27:21.252 [Gauge] [DEBUG] Found 2 files
05-07-2021 12:27:21.253 [Gauge] [INFO] Initializing specs cache with 1 specs
05-07-2021 12:27:21.253 [Gauge] [DEBUG] Adding specs from C:\Users\testinium\Desktop\testAppiumGetir\Mobile\Mobile\specs\getirsample.spec
05-07-2021 12:27:21.253 [Gauge] [INFO] Initializing steps cache with 2 steps
05-07-2021 12:27:21.253 [Gauge] [INFO] Gauge daemon initialized and listening on port: 63841
05-07-2021 12:27:25.669 [Gauge] [DEBUG] Api Request Received: messageType:GetStepValueRequest messageId:4 stepValueRequest:<stepText:"Check if \"GetirSample_Header\" element enable" > 
05-07-2021 12:27:25.669 [Gauge] [DEBUG] Sending API response: messageType:GetStepValueResponse messageId:4 stepValueResponse:<stepValue:<stepValue:"Check if {} element enable" parameterizedStepValue:"Check if <GetirSample_Header> element enable" parameters:"GetirSample_Header" > > 
05-07-2021 12:27:26.223 [Gauge] [DEBUG] Api Request Received: messageType:GetStepValueRequest messageId:4 stepValueRequest:<stepText:"<key> li elementi bul ve t\304\261kla" > 
05-07-2021 12:27:26.223 [Gauge] [DEBUG] Sending API response: messageType:GetStepValueResponse messageId:4 stepValueResponse:<stepValue:<stepValue:"{} li elementi bul ve t\304\261kla" parameterizedStepValue:"<key> li elementi bul ve t\304\261kla" parameters:"key" > > 
05-07-2021 12:27:26.223 [Gauge] [DEBUG] Api Request Received: messageType:GetStepValueRequest messageId:4 stepValueRequest:<stepText:"Click element by <key>" > 
05-07-2021 12:27:26.223 [Gauge] [DEBUG] Sending API response: messageType:GetStepValueResponse messageId:4 stepValueResponse:<stepValue:<stepValue:"Click element by {}" parameterizedStepValue:"Click element by <key>" parameters:"key" > > 
05-07-2021 12:27:26.224 [Gauge] [DEBUG] Api Request Received: messageType:GetStepValueRequest messageId:4 stepValueRequest:<stepText:"Check if <key> element enable" > 
05-07-2021 12:27:26.224 [Gauge] [DEBUG] Sending API response: messageType:GetStepValueResponse messageId:4 stepValueResponse:<stepValue:<stepValue:"Check if {} element enable" parameterizedStepValue:"Check if <key> element enable" parameters:"key" > > 
05-07-2021 12:27:26.227 [Gauge] [DEBUG] Api Request Received: messageType:GetStepValueRequest messageId:4 stepValueRequest:<stepText:"In slider \"Tabs_Area\" slide from Xcoordinate : \"639\" to Xcoordinate : \"283\"" > 
05-07-2021 12:27:26.228 [Gauge] [DEBUG] Sending API response: messageType:GetStepValueResponse messageId:4 stepValueResponse:<stepValue:<stepValue:"In slider {} slide from Xcoordinate : {} to Xcoordinate : {}" parameterizedStepValue:"In slider <Tabs_Area> slide from Xcoordinate : <639> to Xcoordinate : <283>" parameters:"Tabs_Area" parameters:"639" parameters:"283" > > 
05-07-2021 12:27:26.233 [Gauge] [DEBUG] Api Request Received: messageType:GetStepValueRequest messageId:4 stepValueRequest:<stepText:"De\304\237eri <text> e e\305\237it olan elementli bul" > 
05-07-2021 12:27:26.233 [Gauge] [DEBUG] Sending API response: messageType:GetStepValueResponse messageId:4 stepValueResponse:<stepValue:<stepValue:"De\304\237eri {} e e\305\237it olan elementli bul" parameterizedStepValue:"De\304\237eri <text> e e\305\237it olan elementli bul" parameters:"text" > > 
05-07-2021 12:27:26.234 [Gauge] [DEBUG] Api Request Received: messageType:GetStepValueRequest messageId:4 stepValueRequest:<stepText:"Find element text equals <text>" > 
05-07-2021 12:27:26.234 [Gauge] [DEBUG] Sending API response: messageType:GetStepValueResponse messageId:4 stepValueResponse:<stepValue:<stepValue:"Find element text equals {}" parameterizedStepValue:"Find element text equals <text>" parameters:"text" > > 
05-07-2021 12:27:26.234 [Gauge] [DEBUG] Api Request Received: messageType:GetStepValueRequest messageId:4 stepValueRequest:<stepText:"Print category number to console" > 
05-07-2021 12:27:26.234 [Gauge] [DEBUG] Sending API response: messageType:GetStepValueResponse messageId:4 stepValueResponse:<stepValue:<stepValue:"Print category number to console" parameterizedStepValue:"Print category number to console" > > 
05-07-2021 12:27:26.234 [Gauge] [DEBUG] Api Request Received: messageType:GetStepValueRequest messageId:4 stepValueRequest:<stepText:"<key> get the number of the categories" > 
05-07-2021 12:27:26.234 [Gauge] [DEBUG] Sending API response: messageType:GetStepValueResponse messageId:4 stepValueResponse:<stepValue:<stepValue:"{} get the number of the categories" parameterizedStepValue:"<key> get the number of the categories" parameters:"key" > > 
05-07-2021 12:27:26.235 [Gauge] [DEBUG] Api Request Received: messageType:GetStepValueRequest messageId:4 stepValueRequest:<stepText:"Print list values" > 
05-07-2021 12:27:26.235 [Gauge] [DEBUG] Sending API response: messageType:GetStepValueResponse messageId:4 stepValueResponse:<stepValue:<stepValue:"Print list values" parameterizedStepValue:"Print list values" > > 
05-07-2021 12:27:26.235 [Gauge] [DEBUG] Api Request Received: messageType:GetStepValueRequest messageId:4 stepValueRequest:<stepText:"<key> li elementi bul ve de\304\237erini <saveKey> olarak sakla" > 
05-07-2021 12:27:26.235 [Gauge] [DEBUG] Sending API response: messageType:GetStepValueResponse messageId:4 stepValueResponse:<stepValue:<stepValue:"{} li elementi bul ve de\304\237erini {} olarak sakla" parameterizedStepValue:"<key> li elementi bul ve de\304\237erini <saveKey> olarak sakla" parameters:"key" parameters:"saveKey" > > 
05-07-2021 12:27:26.235 [Gauge] [DEBUG] Api Request Received: messageType:GetStepValueRequest messageId:4 stepValueRequest:<stepText:"Find element by <key> and save text <saveKey>" > 
05-07-2021 12:27:26.235 [Gauge] [DEBUG] Sending API response: messageType:GetStepValueResponse messageId:4 stepValueResponse:<stepValue:<stepValue:"Find element by {} and save text {}" parameterizedStepValue:"Find element by <key> and save text <saveKey>" parameters:"key" parameters:"saveKey" > > 
05-07-2021 12:27:26.236 [Gauge] [DEBUG] Api Request Received: messageType:GetStepValueRequest messageId:4 stepValueRequest:<stepText:"<key> li elementi bul ve de\304\237erini <saveKey> saklanan de\304\237er ile kar\305\237\304\261la\305\237t\304\261r" > 
05-07-2021 12:27:26.236 [Gauge] [DEBUG] Sending API response: messageType:GetStepValueResponse messageId:4 stepValueResponse:<stepValue:<stepValue:"{} li elementi bul ve de\304\237erini {} saklanan de\304\237er ile kar\305\237\304\261la\305\237t\304\261r" parameterizedStepValue:"<key> li elementi bul ve de\304\237erini <saveKey> saklanan de\304\237er ile kar\305\237\304\261la\305\237t\304\261r" parameters:"key" parameters:"saveKey" > > 
05-07-2021 12:27:26.236 [Gauge] [DEBUG] Api Request Received: messageType:GetStepValueRequest messageId:4 stepValueRequest:<stepText:"Find element by <key> and compare saved key <saveKey>" > 
05-07-2021 12:27:26.236 [Gauge] [DEBUG] Sending API response: messageType:GetStepValueResponse messageId:4 stepValueResponse:<stepValue:<stepValue:"Find element by {} and compare saved key {}" parameterizedStepValue:"Find element by <key> and compare saved key <saveKey>" parameters:"key" parameters:"saveKey" > > 
05-07-2021 12:27:26.236 [Gauge] [DEBUG] Api Request Received: messageType:GetStepValueRequest messageId:4 stepValueRequest:<stepText:"<seconds> saniye bekle" > 
05-07-2021 12:27:26.236 [Gauge] [DEBUG] Sending API response: messageType:GetStepValueResponse messageId:4 stepValueResponse:<stepValue:<stepValue:"{} saniye bekle" parameterizedStepValue:"<seconds> saniye bekle" parameters:"seconds" > > 
05-07-2021 12:27:26.236 [Gauge] [DEBUG] Api Request Received: messageType:GetStepValueRequest messageId:4 stepValueRequest:<stepText:"Wait <second> seconds" > 
05-07-2021 12:27:26.236 [Gauge] [DEBUG] Sending API response: messageType:GetStepValueResponse messageId:4 stepValueResponse:<stepValue:<stepValue:"Wait {} seconds" parameterizedStepValue:"Wait <second> seconds" parameters:"second" > > 
05-07-2021 12:27:26.237 [Gauge] [DEBUG] Api Request Received: messageType:GetStepValueRequest messageId:4 stepValueRequest:<stepText:"<times> kere a\305\237a\304\237\304\261ya kayd\304\261r" > 
05-07-2021 12:27:26.237 [Gauge] [DEBUG] Sending API response: messageType:GetStepValueResponse messageId:4 stepValueResponse:<stepValue:<stepValue:"{} kere a\305\237a\304\237\304\261ya kayd\304\261r" parameterizedStepValue:"<times> kere a\305\237a\304\237\304\261ya kayd\304\261r" parameters:"times" > > 
05-07-2021 12:27:26.237 [Gauge] [DEBUG] Api Request Received: messageType:GetStepValueRequest messageId:4 stepValueRequest:<stepText:"Swipe times <times>" > 
05-07-2021 12:27:26.237 [Gauge] [DEBUG] Sending API response: messageType:GetStepValueResponse messageId:4 stepValueResponse:<stepValue:<stepValue:"Swipe times {}" parameterizedStepValue:"Swipe times <times>" parameters:"times" > > 
05-07-2021 12:27:26.237 [Gauge] [DEBUG] Api Request Received: messageType:GetStepValueRequest messageId:4 stepValueRequest:<stepText:"<times> kere yukar\304\261 do\304\237ru kayd\304\261r" > 
05-07-2021 12:27:26.237 [Gauge] [DEBUG] Sending API response: messageType:GetStepValueResponse messageId:4 stepValueResponse:<stepValue:<stepValue:"{} kere yukar\304\261 do\304\237ru kayd\304\261r" parameterizedStepValue:"<times> kere yukar\304\261 do\304\237ru kayd\304\261r" parameters:"times" > > 
05-07-2021 12:27:26.237 [Gauge] [DEBUG] Api Request Received: messageType:GetStepValueRequest messageId:4 stepValueRequest:<stepText:"Swipe up times <times>" > 
05-07-2021 12:27:26.237 [Gauge] [DEBUG] Sending API response: messageType:GetStepValueResponse messageId:4 stepValueResponse:<stepValue:<stepValue:"Swipe up times {}" parameterizedStepValue:"Swipe up times <times>" parameters:"times" > > 
05-07-2021 12:27:26.238 [Gauge] [DEBUG] Api Request Received: messageType:GetStepValueRequest messageId:4 stepValueRequest:<stepText:"Geri butonuna bas" > 
05-07-2021 12:27:26.238 [Gauge] [DEBUG] Sending API response: messageType:GetStepValueResponse messageId:4 stepValueResponse:<stepValue:<stepValue:"Geri butonuna bas" parameterizedStepValue:"Geri butonuna bas" > > 
05-07-2021 12:27:26.238 [Gauge] [DEBUG] Api Request Received: messageType:GetStepValueRequest messageId:4 stepValueRequest:<stepText:"Navigate back" > 
05-07-2021 12:27:26.238 [Gauge] [DEBUG] Sending API response: messageType:GetStepValueResponse messageId:4 stepValueResponse:<stepValue:<stepValue:"Navigate back" parameterizedStepValue:"Navigate back" > > 
05-07-2021 12:27:26.238 [Gauge] [DEBUG] Api Request Received: messageType:GetStepValueRequest messageId:4 stepValueRequest:<stepText:"<StartX>,<StartY> oranlar\304\261ndan <EndX>,<EndY> oranlar\304\261na <times> kere swipe et" > 
05-07-2021 12:27:26.238 [Gauge] [DEBUG] Sending API response: messageType:GetStepValueResponse messageId:4 stepValueResponse:<stepValue:<stepValue:"{},{} oranlar\304\261ndan {},{} oranlar\304\261na {} kere swipe et" parameterizedStepValue:"<StartX>,<StartY> oranlar\304\261ndan <EndX>,<EndY> oranlar\304\261na <times> kere swipe et" parameters:"StartX" parameters:"StartY" parameters:"EndX" parameters:"EndY" parameters:"times" > > 
05-07-2021 12:27:26.239 [Gauge] [DEBUG] Api Request Received: messageType:GetStepValueRequest messageId:4 stepValueRequest:<stepText:"uygulamay\304\261 yeniden ba\305\237lat" > 
05-07-2021 12:27:26.239 [Gauge] [DEBUG] Sending API response: messageType:GetStepValueResponse messageId:4 stepValueResponse:<stepValue:<stepValue:"uygulamay\304\261 yeniden ba\305\237lat" parameterizedStepValue:"uygulamay\304\261 yeniden ba\305\237lat" > > 
05-07-2021 12:27:26.239 [Gauge] [DEBUG] Api Request Received: messageType:GetStepValueRequest messageId:4 stepValueRequest:<stepText:"Restart the application" > 
05-07-2021 12:27:26.239 [Gauge] [DEBUG] Sending API response: messageType:GetStepValueResponse messageId:4 stepValueResponse:<stepValue:<stepValue:"Restart the application" parameterizedStepValue:"Restart the application" > > 
05-07-2021 12:27:26.239 [Gauge] [DEBUG] Api Request Received: messageType:GetStepValueRequest messageId:4 stepValueRequest:<stepText:"<key> li elementin y\303\274klenmesini <time> saniye bekle" > 
05-07-2021 12:27:26.239 [Gauge] [DEBUG] Sending API response: messageType:GetStepValueResponse messageId:4 stepValueResponse:<stepValue:<stepValue:"{} li elementin y\303\274klenmesini {} saniye bekle" parameterizedStepValue:"<key> li elementin y\303\274klenmesini <time> saniye bekle" parameters:"key" parameters:"time" > > 
05-07-2021 12:27:26.240 [Gauge] [DEBUG] Api Request Received: messageType:GetStepValueRequest messageId:4 stepValueRequest:<stepText:"<key> sliderda ,<startPointX> noktas\304\261ndan ,<finishPointX> noktas\304\261na kayd\304\261r" > 
05-07-2021 12:27:26.240 [Gauge] [DEBUG] Sending API response: messageType:GetStepValueResponse messageId:4 stepValueResponse:<stepValue:<stepValue:"{} sliderda ,{} noktas\304\261ndan ,{} noktas\304\261na kayd\304\261r" parameterizedStepValue:"<key> sliderda ,<startPointX> noktas\304\261ndan ,<finishPointX> noktas\304\261na kayd\304\261r" parameters:"key" parameters:"startPointX" parameters:"finishPointX" > > 
05-07-2021 12:27:26.240 [Gauge] [DEBUG] Api Request Received: messageType:GetStepValueRequest messageId:4 stepValueRequest:<stepText:"In slider <key> slide from Xcoordinate : <startPointX> to Xcoordinate : <finishPointX>" > 
05-07-2021 12:27:26.240 [Gauge] [DEBUG] Sending API response: messageType:GetStepValueResponse messageId:4 stepValueResponse:<stepValue:<stepValue:"In slider {} slide from Xcoordinate : {} to Xcoordinate : {}" parameterizedStepValue:"In slider <key> slide from Xcoordinate : <startPointX> to Xcoordinate : <finishPointX>" parameters:"key" parameters:"startPointX" parameters:"finishPointX" > > 
05-07-2021 12:27:26.242 [Gauge] [DEBUG] Api Request Received: messageType:GetStepValueRequest messageId:4 stepValueRequest:<stepText:"Click element by \"Tab_Baby_Care\"" > 
05-07-2021 12:27:26.242 [Gauge] [DEBUG] Sending API response: messageType:GetStepValueResponse messageId:4 stepValueResponse:<stepValue:<stepValue:"Click element by {}" parameterizedStepValue:"Click element by <Tab_Baby_Care>" parameters:"Tab_Baby_Care" > > 
05-07-2021 12:27:26.245 [Gauge] [DEBUG] Api Request Received: messageType:GetStepValueRequest messageId:4 stepValueRequest:<stepText:"Choose random in \"Products\"" > 
05-07-2021 12:27:26.245 [Gauge] [DEBUG] Sending API response: messageType:GetStepValueResponse messageId:4 stepValueResponse:<stepValue:<stepValue:"Choose random in {}" parameterizedStepValue:"Choose random in <Products>" parameters:"Products" > > 
05-07-2021 12:27:26.247 [Gauge] [DEBUG] Api Request Received: messageType:GetStepValueRequest messageId:4 stepValueRequest:<stepText:"<key> li elementi rastgele sec" > 
05-07-2021 12:27:26.247 [Gauge] [DEBUG] Sending API response: messageType:GetStepValueResponse messageId:4 stepValueResponse:<stepValue:<stepValue:"{} li elementi rastgele sec" parameterizedStepValue:"<key> li elementi rastgele sec" parameters:"key" > > 
05-07-2021 12:27:26.247 [Gauge] [DEBUG] Api Request Received: messageType:GetStepValueRequest messageId:4 stepValueRequest:<stepText:"Choose random in <key>" > 
05-07-2021 12:27:26.247 [Gauge] [DEBUG] Sending API response: messageType:GetStepValueResponse messageId:4 stepValueResponse:<stepValue:<stepValue:"Choose random in {}" parameterizedStepValue:"Choose random in <key>" parameters:"key" > > 
05-07-2021 12:27:26.249 [Gauge] [DEBUG] Api Request Received: messageType:GetStepValueRequest messageId:4 stepValueRequest:<stepText:"Find element by \"Price_Label\" and save text \"price1\"" > 
05-07-2021 12:27:26.250 [Gauge] [DEBUG] Sending API response: messageType:GetStepValueResponse messageId:4 stepValueResponse:<stepValue:<stepValue:"Find element by {} and save text {}" parameterizedStepValue:"Find element by <Price_Label> and save text <price1>" parameters:"Price_Label" parameters:"price1" > > 
05-07-2021 12:27:26.253 [Gauge] [DEBUG] Api Request Received: messageType:GetStepValueRequest messageId:4 stepValueRequest:<stepText:"Click element by \"Add_To_Cart\"" > 
05-07-2021 12:27:26.253 [Gauge] [DEBUG] Sending API response: messageType:GetStepValueResponse messageId:4 stepValueResponse:<stepValue:<stepValue:"Click element by {}" parameterizedStepValue:"Click element by <Add_To_Cart>" parameters:"Add_To_Cart" > > 
05-07-2021 12:27:26.258 [Gauge] [DEBUG] Api Request Received: messageType:GetStepValueRequest messageId:4 stepValueRequest:<stepText:"In slider \"Tabs_Area\" slide from Xcoordinate : \"283\" to Xcoordinate : \"639\"" > 
05-07-2021 12:27:26.259 [Gauge] [DEBUG] Sending API response: messageType:GetStepValueResponse messageId:4 stepValueResponse:<stepValue:<stepValue:"In slider {} slide from Xcoordinate : {} to Xcoordinate : {}" parameterizedStepValue:"In slider <Tabs_Area> slide from Xcoordinate : <283> to Xcoordinate : <639>" parameters:"Tabs_Area" parameters:"283" parameters:"639" > > 
05-07-2021 12:27:26.260 [Gauge] [DEBUG] Api Request Received: messageType:GetStepValueRequest messageId:4 stepValueRequest:<stepText:"Click element by \"Tab_Snacks\"" > 
05-07-2021 12:27:26.261 [Gauge] [DEBUG] Sending API response: messageType:GetStepValueResponse messageId:4 stepValueResponse:<stepValue:<stepValue:"Click element by {}" parameterizedStepValue:"Click element by <Tab_Snacks>" parameters:"Tab_Snacks" > > 
05-07-2021 12:27:26.263 [Gauge] [DEBUG] Api Request Received: messageType:GetStepValueRequest messageId:4 stepValueRequest:<stepText:"Find element by \"Price_Label\" and save text \"price2\"" > 
05-07-2021 12:27:26.264 [Gauge] [DEBUG] Sending API response: messageType:GetStepValueResponse messageId:4 stepValueResponse:<stepValue:<stepValue:"Find element by {} and save text {}" parameterizedStepValue:"Find element by <Price_Label> and save text <price2>" parameters:"Price_Label" parameters:"price2" > > 
05-07-2021 12:27:26.266 [Gauge] [DEBUG] Api Request Received: messageType:GetStepValueRequest messageId:4 stepValueRequest:<stepText:"Click element by \"Hamburger_Menu\"" > 
05-07-2021 12:27:26.267 [Gauge] [DEBUG] Sending API response: messageType:GetStepValueResponse messageId:4 stepValueResponse:<stepValue:<stepValue:"Click element by {}" parameterizedStepValue:"Click element by <Hamburger_Menu>" parameters:"Hamburger_Menu" > > 
05-07-2021 12:27:26.267 [Gauge] [DEBUG] Api Request Received: messageType:GetStepValueRequest messageId:4 stepValueRequest:<stepText:"Click element by \"My_Cart\"" > 
05-07-2021 12:27:26.268 [Gauge] [DEBUG] Sending API response: messageType:GetStepValueResponse messageId:4 stepValueResponse:<stepValue:<stepValue:"Click element by {}" parameterizedStepValue:"Click element by <My_Cart>" parameters:"My_Cart" > > 
05-07-2021 12:27:26.270 [Gauge] [DEBUG] Api Request Received: messageType:GetStepValueRequest messageId:4 stepValueRequest:<stepText:"Find element by \"Cart_Price1\" and compare saved key \"price1\"" > 
05-07-2021 12:27:26.270 [Gauge] [DEBUG] Sending API response: messageType:GetStepValueResponse messageId:4 stepValueResponse:<stepValue:<stepValue:"Find element by {} and compare saved key {}" parameterizedStepValue:"Find element by <Cart_Price1> and compare saved key <price1>" parameters:"Cart_Price1" parameters:"price1" > > 
05-07-2021 12:27:26.273 [Gauge] [DEBUG] Api Request Received: messageType:GetStepValueRequest messageId:4 stepValueRequest:<stepText:"Find element by \"Cart_Price2\" and compare saved key \"price2\"" > 
05-07-2021 12:27:26.273 [Gauge] [DEBUG] Sending API response: messageType:GetStepValueResponse messageId:4 stepValueResponse:<stepValue:<stepValue:"Find element by {} and compare saved key {}" parameterizedStepValue:"Find element by <Cart_Price2> and compare saved key <price2>" parameters:"Cart_Price2" parameters:"price2" > > 
05-07-2021 12:27:26.274 [Gauge] [DEBUG] Api Request Received: messageType:GetStepValueRequest messageId:4 stepValueRequest:<stepText:"Find by \"Remove_Button_Cart_Page\" and click all of them" > 
05-07-2021 12:27:26.275 [Gauge] [DEBUG] Sending API response: messageType:GetStepValueResponse messageId:4 stepValueResponse:<stepValue:<stepValue:"Find by {} and click all of them" parameterizedStepValue:"Find by <Remove_Button_Cart_Page> and click all of them" parameters:"Remove_Button_Cart_Page" > > 
05-07-2021 12:27:26.276 [Gauge] [DEBUG] Api Request Received: messageType:GetStepValueRequest messageId:4 stepValueRequest:<stepText:"Rastgele swipe yap" > 
05-07-2021 12:27:26.277 [Gauge] [DEBUG] Sending API response: messageType:GetStepValueResponse messageId:4 stepValueResponse:<stepValue:<stepValue:"Rastgele swipe yap" parameterizedStepValue:"Rastgele swipe yap" > > 
05-07-2021 12:27:26.280 [Gauge] [DEBUG] Api Request Received: messageType:GetStepValueRequest messageId:4 stepValueRequest:<stepText:"Random swipe" > 
05-07-2021 12:27:26.280 [Gauge] [DEBUG] Sending API response: messageType:GetStepValueResponse messageId:4 stepValueResponse:<stepValue:<stepValue:"Random swipe" parameterizedStepValue:"Random swipe" > > 
05-07-2021 12:27:26.281 [Gauge] [DEBUG] Api Request Received: messageType:GetStepValueRequest messageId:4 stepValueRequest:<stepText:"<key> listesinden <quantity> tanesini random se\303\247" > 
05-07-2021 12:27:26.281 [Gauge] [DEBUG] Sending API response: messageType:GetStepValueResponse messageId:4 stepValueResponse:<stepValue:<stepValue:"{} listesinden {} tanesini random se\303\247" parameterizedStepValue:"<key> listesinden <quantity> tanesini random se\303\247" parameters:"key" parameters:"quantity" > > 
05-07-2021 12:27:26.289 [Gauge] [DEBUG] Api Request Received: messageType:GetStepValueRequest messageId:4 stepValueRequest:<stepText:"In <key> list randomly select different <quantity> items" > 
05-07-2021 12:27:26.289 [Gauge] [DEBUG] Sending API response: messageType:GetStepValueResponse messageId:4 stepValueResponse:<stepValue:<stepValue:"In {} list randomly select different {} items" parameterizedStepValue:"In <key> list randomly select different <quantity> items" parameters:"key" parameters:"quantity" > > 
05-07-2021 12:27:26.290 [Gauge] [DEBUG] Api Request Received: messageType:GetStepValueRequest messageId:4 stepValueRequest:<stepText:"<key> li elementi bul <times> kere t\304\261kla" > 
05-07-2021 12:27:26.290 [Gauge] [DEBUG] Sending API response: messageType:GetStepValueResponse messageId:4 stepValueResponse:<stepValue:<stepValue:"{} li elementi bul {} kere t\304\261kla" parameterizedStepValue:"<key> li elementi bul <times> kere t\304\261kla" parameters:"key" parameters:"times" > > 
05-07-2021 12:27:26.290 [Gauge] [DEBUG] Api Request Received: messageType:GetStepValueRequest messageId:4 stepValueRequest:<stepText:"<key> li elementi bul ve listedeki elementlerin hepsine t\304\261kla" > 
05-07-2021 12:27:26.290 [Gauge] [DEBUG] Sending API response: messageType:GetStepValueResponse messageId:4 stepValueResponse:<stepValue:<stepValue:"{} li elementi bul ve listedeki elementlerin hepsine t\304\261kla" parameterizedStepValue:"<key> li elementi bul ve listedeki elementlerin hepsine t\304\261kla" parameters:"key" > > 
05-07-2021 12:27:26.291 [Gauge] [DEBUG] Api Request Received: messageType:GetStepValueRequest messageId:4 stepValueRequest:<stepText:"Find by <key> and click all of them" > 
05-07-2021 12:27:26.291 [Gauge] [DEBUG] Sending API response: messageType:GetStepValueResponse messageId:4 stepValueResponse:<stepValue:<stepValue:"Find by {} and click all of them" parameterizedStepValue:"Find by <key> and click all of them" parameters:"key" > > 
05-07-2021 12:27:26.293 [Gauge] [DEBUG] Api Request Received: messageType:GetStepValueRequest messageId:4 stepValueRequest:<stepText:"Check if element \"Cart_Products\" not exists" > 
05-07-2021 12:27:26.293 [Gauge] [DEBUG] Sending API response: messageType:GetStepValueResponse messageId:4 stepValueResponse:<stepValue:<stepValue:"Check if element {} not exists" parameterizedStepValue:"Check if element <Cart_Products> not exists" parameters:"Cart_Products" > > 
05-07-2021 12:27:26.295 [Gauge] [DEBUG] Api Request Received: messageType:GetStepValueRequest messageId:4 stepValueRequest:<stepText:"<key> li elementi bul ve <times> kere sil" > 
05-07-2021 12:27:26.295 [Gauge] [DEBUG] Sending API response: messageType:GetStepValueResponse messageId:4 stepValueResponse:<stepValue:<stepValue:"{} li elementi bul ve {} kere sil" parameterizedStepValue:"<key> li elementi bul ve <times> kere sil" parameters:"key" parameters:"times" > > 
05-07-2021 12:27:26.295 [Gauge] [DEBUG] Api Request Received: messageType:GetStepValueRequest messageId:4 stepValueRequest:<stepText:"Check if element <key> not exists" > 
05-07-2021 12:27:26.295 [Gauge] [DEBUG] Sending API response: messageType:GetStepValueResponse messageId:4 stepValueResponse:<stepValue:<stepValue:"Check if element {} not exists" parameterizedStepValue:"Check if element <key> not exists" parameters:"key" > > 
05-07-2021 12:27:26.298 [Gauge] [DEBUG] Api Request Received: messageType:GetStepValueRequest messageId:4 stepValueRequest:<stepText:"Wait \"5\" seconds" > 
05-07-2021 12:27:26.298 [Gauge] [DEBUG] Sending API response: messageType:GetStepValueResponse messageId:4 stepValueResponse:<stepValue:<stepValue:"Wait {} seconds" parameterizedStepValue:"Wait <5> seconds" parameters:"5" > > 
05-07-2021 12:27:26.301 [Gauge] [DEBUG] Api Request Received: messageType:GetStepValueRequest messageId:4 stepValueRequest:<stepText:"Click element by \"Home_Skip_Button\"" > 
05-07-2021 12:27:26.301 [Gauge] [DEBUG] Sending API response: messageType:GetStepValueResponse messageId:4 stepValueResponse:<stepValue:<stepValue:"Click element by {}" parameterizedStepValue:"Click element by <Home_Skip_Button>" parameters:"Home_Skip_Button" > > 
05-07-2021 12:27:26.303 [Gauge] [DEBUG] Api Request Received: messageType:GetStepValueRequest messageId:4 stepValueRequest:<stepText:"\"Tabs_Category\" get the number of the categories" > 
05-07-2021 12:27:26.303 [Gauge] [DEBUG] Sending API response: messageType:GetStepValueResponse messageId:4 stepValueResponse:<stepValue:<stepValue:"{} get the number of the categories" parameterizedStepValue:"<Tabs_Category> get the number of the categories" parameters:"Tabs_Category" > > 
05-07-2021 12:27:26.305 [Gauge] [DEBUG] Api Request Received: messageType:GetStepValueRequest messageId:4 stepValueRequest:<stepText:"In slider \"Tabs_Area\" slide from Xcoordinate : \"700\" to Xcoordinate : \"280\"" > 
05-07-2021 12:27:26.306 [Gauge] [DEBUG] Sending API response: messageType:GetStepValueResponse messageId:4 stepValueResponse:<stepValue:<stepValue:"In slider {} slide from Xcoordinate : {} to Xcoordinate : {}" parameterizedStepValue:"In slider <Tabs_Area> slide from Xcoordinate : <700> to Xcoordinate : <280>" parameters:"Tabs_Area" parameters:"700" parameters:"280" > > 
05-07-2021 12:27:26.312 [Gauge] [DEBUG] Api Request Received: messageType:GetStepValueRequest messageId:4 stepValueRequest:<stepText:"Choose random in \"Tabs_Category\"" > 
05-07-2021 12:27:26.312 [Gauge] [DEBUG] Sending API response: messageType:GetStepValueResponse messageId:4 stepValueResponse:<stepValue:<stepValue:"Choose random in {}" parameterizedStepValue:"Choose random in <Tabs_Category>" parameters:"Tabs_Category" > > 
05-07-2021 12:27:26.317 [Gauge] [DEBUG] Api Request Received: messageType:GetStepValueRequest messageId:4 stepValueRequest:<stepText:"In \"Heart_Icon\" list randomly select different \"3\" items" > 
05-07-2021 12:27:26.317 [Gauge] [DEBUG] Sending API response: messageType:GetStepValueResponse messageId:4 stepValueResponse:<stepValue:<stepValue:"In {} list randomly select different {} items" parameterizedStepValue:"In <Heart_Icon> list randomly select different <3> items" parameters:"Heart_Icon" parameters:"3" > > 
05-07-2021 12:27:26.320 [Gauge] [DEBUG] Api Request Received: messageType:GetStepValueRequest messageId:4 stepValueRequest:<stepText:"Click element by \"My_Wishlist\"" > 
05-07-2021 12:27:26.320 [Gauge] [DEBUG] Sending API response: messageType:GetStepValueResponse messageId:4 stepValueResponse:<stepValue:<stepValue:"Click element by {}" parameterizedStepValue:"Click element by <My_Wishlist>" parameters:"My_Wishlist" > > 
05-07-2021 12:27:26.322 [Gauge] [DEBUG] Api Request Received: messageType:GetStepValueRequest messageId:4 stepValueRequest:<stepText:"Find by \"Remove_Button_Wishlist_Page\" and click all of them" > 
05-07-2021 12:27:26.322 [Gauge] [DEBUG] Sending API response: messageType:GetStepValueResponse messageId:4 stepValueResponse:<stepValue:<stepValue:"Find by {} and click all of them" parameterizedStepValue:"Find by <Remove_Button_Wishlist_Page> and click all of them" parameters:"Remove_Button_Wishlist_Page" > > 
05-07-2021 12:27:26.323 [Gauge] [DEBUG] Api Request Received: messageType:GetStepValueRequest messageId:4 stepValueRequest:<stepText:"Check if element \"Wishlist_Products\" not exists" > 
05-07-2021 12:27:26.323 [Gauge] [DEBUG] Sending API response: messageType:GetStepValueResponse messageId:4 stepValueResponse:<stepValue:<stepValue:"Check if element {} not exists" parameterizedStepValue:"Check if element <Wishlist_Products> not exists" parameters:"Wishlist_Products" > > 
05-07-2021 12:35:09.959 [Gauge] [DEBUG] Api Request Received: messageType:GetStepValueRequest messageId:4 stepValueRequest:<stepText:"Get the number of categories" > 
05-07-2021 12:35:09.960 [Gauge] [DEBUG] Sending API response: messageType:GetStepValueResponse messageId:4 stepValueResponse:<stepValue:<stepValue:"Get the number of categories" parameterizedStepValue:"Get the number of categories" > > 
05-07-2021 12:35:10.008 [Gauge] [DEBUG] Api Request Received: messageType:GetStepValueRequest messageId:4 stepValueRequest:<stepText:"Element yok mu kontrol et <key>" > 
05-07-2021 12:35:10.008 [Gauge] [DEBUG] Sending API response: messageType:GetStepValueResponse messageId:4 stepValueResponse:<stepValue:<stepValue:"Element yok mu kontrol et {}" parameterizedStepValue:"Element yok mu kontrol et <key>" parameters:"key" > > 
05-07-2021 12:35:10.009 [Gauge] [DEBUG] Api Request Received: messageType:GetStepValueRequest messageId:4 stepValueRequest:<stepText:"Close Keyboard" > 
05-07-2021 12:35:10.009 [Gauge] [DEBUG] Sending API response: messageType:GetStepValueResponse messageId:4 stepValueResponse:<stepValue:<stepValue:"Close Keyboard" parameterizedStepValue:"Close Keyboard" > > 
05-07-2021 12:35:10.155 [Gauge] [DEBUG] Api Request Received: messageType:GetStepValueRequest messageId:4 stepValueRequest:<stepText:"Open GetirSample App" > 
05-07-2021 12:35:10.155 [Gauge] [DEBUG] Sending API response: messageType:GetStepValueResponse messageId:4 stepValueResponse:<stepValue:<stepValue:"Open GetirSample App" parameterizedStepValue:"Open GetirSample App" > > 
05-07-2021 12:35:10.454 [Gauge] [DEBUG] Api Request Received: messageType:GetStepValueRequest messageId:4 stepValueRequest:<stepText:" Open GetirSample App" > 
05-07-2021 12:35:10.454 [Gauge] [DEBUG] Sending API response: messageType:GetStepValueResponse messageId:4 stepValueResponse:<stepValue:<stepValue:"Open GetirSample App" parameterizedStepValue:"Open GetirSample App" > > 
05-07-2021 12:35:10.454 [Gauge] [DEBUG] Api Request Received: messageType:GetStepValueRequest messageId:4 stepValueRequest:<stepText:" Open GetirSample App" > 
05-07-2021 12:35:10.454 [Gauge] [DEBUG] Sending API response: messageType:GetStepValueResponse messageId:4 stepValueResponse:<stepValue:<stepValue:"Open GetirSample App" parameterizedStepValue:"Open GetirSample App" > > 
05-07-2021 12:35:10.454 [Gauge] [DEBUG] Api Request Received: messageType:GetStepValueRequest messageId:4 stepValueRequest:<stepText:" Pass Onboarding Screen" > 
05-07-2021 12:35:10.454 [Gauge] [DEBUG] Sending API response: messageType:GetStepValueResponse messageId:4 stepValueResponse:<stepValue:<stepValue:"Pass Onboarding Screen" parameterizedStepValue:"Pass Onboarding Screen" > > 
05-07-2021 12:35:10.454 [Gauge] [DEBUG] Api Request Received: messageType:GetStepValueRequest messageId:4 stepValueRequest:<stepText:" Check for home page exist" > 
05-07-2021 12:35:10.454 [Gauge] [DEBUG] Sending API response: messageType:GetStepValueResponse messageId:4 stepValueResponse:<stepValue:<stepValue:"Check for home page exist" parameterizedStepValue:"Check for home page exist" > > 
05-07-2021 12:35:10.454 [Gauge] [DEBUG] Api Request Received: messageType:GetStepValueRequest messageId:4 stepValueRequest:<stepText:" Change category to 'Baby Care'" > 
05-07-2021 12:35:10.455 [Gauge] [DEBUG] Sending API response: messageType:GetStepValueResponse messageId:4 stepValueResponse:<stepValue:<stepValue:"Change category to 'Baby Care'" parameterizedStepValue:"Change category to 'Baby Care'" > > 
05-07-2021 12:35:10.455 [Gauge] [DEBUG] Api Request Received: messageType:GetStepValueRequest messageId:4 stepValueRequest:<stepText:" Choose a random product in 'Baby Care' category" > 
05-07-2021 12:35:10.455 [Gauge] [DEBUG] Sending API response: messageType:GetStepValueResponse messageId:4 stepValueResponse:<stepValue:<stepValue:"Choose a random product in 'Baby Care' category" parameterizedStepValue:"Choose a random product in 'Baby Care' category" > > 
05-07-2021 12:35:10.455 [Gauge] [DEBUG] Api Request Received: messageType:GetStepValueRequest messageId:4 stepValueRequest:<stepText:"Pass Onboarding Screen" > 
05-07-2021 12:35:10.455 [Gauge] [DEBUG] Sending API response: messageType:GetStepValueResponse messageId:4 stepValueResponse:<stepValue:<stepValue:"Pass Onboarding Screen" parameterizedStepValue:"Pass Onboarding Screen" > > 
05-07-2021 12:35:10.455 [Gauge] [DEBUG] Api Request Received: messageType:GetStepValueRequest messageId:4 stepValueRequest:<stepText:" Add to cart choosen Baby Care product and navigate to last page" > 
05-07-2021 12:35:10.455 [Gauge] [DEBUG] Sending API response: messageType:GetStepValueResponse messageId:4 stepValueResponse:<stepValue:<stepValue:"Add to cart choosen Baby Care product and navigate to last page" parameterizedStepValue:"Add to cart choosen Baby Care product and navigate to last page" > > 
05-07-2021 12:35:10.462 [Gauge] [DEBUG] Api Request Received: messageType:GetStepValueRequest messageId:4 stepValueRequest:<stepText:" Change category to 'Snacks'" > 
05-07-2021 12:35:10.462 [Gauge] [DEBUG] Sending API response: messageType:GetStepValueResponse messageId:4 stepValueResponse:<stepValue:<stepValue:"Change category to 'Snacks'" parameterizedStepValue:"Change category to 'Snacks'" > > 
05-07-2021 12:35:10.463 [Gauge] [DEBUG] Api Request Received: messageType:GetStepValueRequest messageId:4 stepValueRequest:<stepText:" Choose a random product in 'Snacks' category" > 
05-07-2021 12:35:10.463 [Gauge] [DEBUG] Sending API response: messageType:GetStepValueResponse messageId:4 stepValueResponse:<stepValue:<stepValue:"Choose a random product in 'Snacks' category" parameterizedStepValue:"Choose a random product in 'Snacks' category" > > 
05-07-2021 12:35:10.464 [Gauge] [DEBUG] Api Request Received: messageType:GetStepValueRequest messageId:4 stepValueRequest:<stepText:" Add to cart choosen Snacks product and navigate to last page" > 
05-07-2021 12:35:10.464 [Gauge] [DEBUG] Sending API response: messageType:GetStepValueResponse messageId:4 stepValueResponse:<stepValue:<stepValue:"Add to cart choosen Snacks product and navigate to last page" parameterizedStepValue:"Add to cart choosen Snacks product and navigate to last page" > > 
05-07-2021 12:35:10.464 [Gauge] [DEBUG] Api Request Received: messageType:GetStepValueRequest messageId:4 stepValueRequest:<stepText:" Go to cart, verify prices" > 
05-07-2021 12:35:10.464 [Gauge] [DEBUG] Sending API response: messageType:GetStepValueResponse messageId:4 stepValueResponse:<stepValue:<stepValue:"Go to cart, verify prices" parameterizedStepValue:"Go to cart, verify prices" > > 
05-07-2021 12:35:10.464 [Gauge] [DEBUG] Api Request Received: messageType:GetStepValueRequest messageId:4 stepValueRequest:<stepText:" Delete products from cart and checks if any element exist" > 
05-07-2021 12:35:10.464 [Gauge] [DEBUG] Sending API response: messageType:GetStepValueResponse messageId:4 stepValueResponse:<stepValue:<stepValue:"Delete products from cart and checks if any element exist" parameterizedStepValue:"Delete products from cart and checks if any element exist" > > 
05-07-2021 12:35:10.465 [Gauge] [DEBUG] Api Request Received: messageType:GetStepValueRequest messageId:4 stepValueRequest:<stepText:" Get the number of categories" > 
05-07-2021 12:35:10.465 [Gauge] [DEBUG] Sending API response: messageType:GetStepValueResponse messageId:4 stepValueResponse:<stepValue:<stepValue:"Get the number of categories" parameterizedStepValue:"Get the number of categories" > > 
05-07-2021 12:35:10.535 [Gauge] [DEBUG] Api Request Received: messageType:GetStepValueRequest messageId:4 stepValueRequest:<stepText:"Check for home page exist" > 
05-07-2021 12:35:10.535 [Gauge] [DEBUG] Sending API response: messageType:GetStepValueResponse messageId:4 stepValueResponse:<stepValue:<stepValue:"Check for home page exist" parameterizedStepValue:"Check for home page exist" > > 
05-07-2021 12:35:10.615 [Gauge] [DEBUG] Api Request Received: messageType:GetStepValueRequest messageId:4 stepValueRequest:<stepText:"Change category to 'Baby Care'" > 
05-07-2021 12:35:10.615 [Gauge] [DEBUG] Sending API response: messageType:GetStepValueResponse messageId:4 stepValueResponse:<stepValue:<stepValue:"Change category to 'Baby Care'" parameterizedStepValue:"Change category to 'Baby Care'" > > 
05-07-2021 12:35:10.688 [Gauge] [DEBUG] Api Request Received: messageType:GetStepValueRequest messageId:4 stepValueRequest:<stepText:"Choose a random product in 'Baby Care' category" > 
05-07-2021 12:35:10.688 [Gauge] [DEBUG] Sending API response: messageType:GetStepValueResponse messageId:4 stepValueResponse:<stepValue:<stepValue:"Choose a random product in 'Baby Care' category" parameterizedStepValue:"Choose a random product in 'Baby Care' category" > > 
05-07-2021 12:35:10.758 [Gauge] [DEBUG] Api Request Received: messageType:GetStepValueRequest messageId:4 stepValueRequest:<stepText:"Add to cart choosen Baby Care product and navigate to last page" > 
05-07-2021 12:35:10.758 [Gauge] [DEBUG] Sending API response: messageType:GetStepValueResponse messageId:4 stepValueResponse:<stepValue:<stepValue:"Add to cart choosen Baby Care product and navigate to last page" parameterizedStepValue:"Add to cart choosen Baby Care product and navigate to last page" > > 
05-07-2021 12:35:10.816 [Gauge] [DEBUG] Api Request Received: messageType:GetStepValueRequest messageId:4 stepValueRequest:<stepText:"Change category to 'Snacks'" > 
05-07-2021 12:35:10.816 [Gauge] [DEBUG] Sending API response: messageType:GetStepValueResponse messageId:4 stepValueResponse:<stepValue:<stepValue:"Change category to 'Snacks'" parameterizedStepValue:"Change category to 'Snacks'" > > 
05-07-2021 12:35:10.862 [Gauge] [DEBUG] Api Request Received: messageType:GetStepValueRequest messageId:4 stepValueRequest:<stepText:"Choose a random product in 'Snacks' category" > 
05-07-2021 12:35:10.862 [Gauge] [DEBUG] Sending API response: messageType:GetStepValueResponse messageId:4 stepValueResponse:<stepValue:<stepValue:"Choose a random product in 'Snacks' category" parameterizedStepValue:"Choose a random product in 'Snacks' category" > > 
05-07-2021 12:35:10.919 [Gauge] [DEBUG] Api Request Received: messageType:GetStepValueRequest messageId:4 stepValueRequest:<stepText:"Add to cart choosen Snacks product and navigate to last page" > 
05-07-2021 12:35:10.919 [Gauge] [DEBUG] Sending API response: messageType:GetStepValueResponse messageId:4 stepValueResponse:<stepValue:<stepValue:"Add to cart choosen Snacks product and navigate to last page" parameterizedStepValue:"Add to cart choosen Snacks product and navigate to last page" > > 
05-07-2021 12:35:10.960 [Gauge] [DEBUG] Api Request Received: messageType:GetStepValueRequest messageId:4 stepValueRequest:<stepText:"Go to cart, verify prices" > 
05-07-2021 12:35:10.960 [Gauge] [DEBUG] Sending API response: messageType:GetStepValueResponse messageId:4 stepValueResponse:<stepValue:<stepValue:"Go to cart, verify prices" parameterizedStepValue:"Go to cart, verify prices" > > 
05-07-2021 12:35:11.027 [Gauge] [DEBUG] Api Request Received: messageType:GetStepValueRequest messageId:4 stepValueRequest:<stepText:"Delete products from cart and checks if any element exist" > 
05-07-2021 12:35:11.027 [Gauge] [DEBUG] Sending API response: messageType:GetStepValueResponse messageId:4 stepValueResponse:<stepValue:<stepValue:"Delete products from cart and checks if any element exist" parameterizedStepValue:"Delete products from cart and checks if any element exist" > > 
05-07-2021 12:35:11.067 [Gauge] [DEBUG] Api Request Received: messageType:GetStepValueRequest messageId:4 stepValueRequest:<stepText:"Choose a random product in slider tab" > 
05-07-2021 12:35:11.067 [Gauge] [DEBUG] Sending API response: messageType:GetStepValueResponse messageId:4 stepValueResponse:<stepValue:<stepValue:"Choose a random product in slider tab" parameterizedStepValue:"Choose a random product in slider tab" > > 
05-07-2021 12:35:11.110 [Gauge] [DEBUG] Api Request Received: messageType:GetStepValueRequest messageId:4 stepValueRequest:<stepText:" Choose a random product in slider tab" > 
05-07-2021 12:35:11.110 [Gauge] [DEBUG] Sending API response: messageType:GetStepValueResponse messageId:4 stepValueResponse:<stepValue:<stepValue:"Choose a random product in slider tab" parameterizedStepValue:"Choose a random product in slider tab" > > 
05-07-2021 12:35:11.111 [Gauge] [DEBUG] Api Request Received: messageType:GetStepValueRequest messageId:4 stepValueRequest:<stepText:"Add three random products to wishlist" > 
05-07-2021 12:35:11.111 [Gauge] [DEBUG] Sending API response: messageType:GetStepValueResponse messageId:4 stepValueResponse:<stepValue:<stepValue:"Add three random products to wishlist" parameterizedStepValue:"Add three random products to wishlist" > > 
05-07-2021 12:35:11.159 [Gauge] [DEBUG] Api Request Received: messageType:GetStepValueRequest messageId:4 stepValueRequest:<stepText:" Add three random products to wishlist" > 
05-07-2021 12:35:11.159 [Gauge] [DEBUG] Sending API response: messageType:GetStepValueResponse messageId:4 stepValueResponse:<stepValue:<stepValue:"Add three random products to wishlist" parameterizedStepValue:"Add three random products to wishlist" > > 
05-07-2021 12:35:11.161 [Gauge] [DEBUG] Api Request Received: messageType:GetStepValueRequest messageId:4 stepValueRequest:<stepText:"Go to mywishlist, check items" > 
05-07-2021 12:35:11.161 [Gauge] [DEBUG] Sending API response: messageType:GetStepValueResponse messageId:4 stepValueResponse:<stepValue:<stepValue:"Go to mywishlist, check items" parameterizedStepValue:"Go to mywishlist, check items" > > 
05-07-2021 12:35:11.201 [Gauge] [DEBUG] Api Request Received: messageType:GetStepValueRequest messageId:4 stepValueRequest:<stepText:" Go to mywishlist, check items" > 
05-07-2021 12:35:11.201 [Gauge] [DEBUG] Sending API response: messageType:GetStepValueResponse messageId:4 stepValueResponse:<stepValue:<stepValue:"Go to mywishlist, check items" parameterizedStepValue:"Go to mywishlist, check items" > > 
05-07-2021 12:35:11.202 [Gauge] [DEBUG] Api Request Received: messageType:GetStepValueRequest messageId:4 stepValueRequest:<stepText:"Delete products from wishlist and checks if any element exist" > 
05-07-2021 12:35:11.202 [Gauge] [DEBUG] Sending API response: messageType:GetStepValueResponse messageId:4 stepValueResponse:<stepValue:<stepValue:"Delete products from wishlist and checks if any element exist" parameterizedStepValue:"Delete products from wishlist and checks if any element exist" > > 
05-07-2021 12:35:11.237 [Gauge] [DEBUG] Api Request Received: messageType:GetStepValueRequest messageId:4 stepValueRequest:<stepText:" Delete products from wishlist and checks if any element exist" > 
05-07-2021 12:35:11.237 [Gauge] [DEBUG] Sending API response: messageType:GetStepValueResponse messageId:4 stepValueResponse:<stepValue:<stepValue:"Delete products from wishlist and checks if any element exist" parameterizedStepValue:"Delete products from wishlist and checks if any element exist" > > 
05-07-2021 12:35:18.050 [Gauge] [INFO] Spec file added / modified: C:\Users\testinium\Desktop\testAppiumGetir\Mobile\Mobile\specs\getirsample.spec
05-07-2021 12:35:18.052 [Gauge] [INFO] Spec file added / modified: C:\Users\testinium\Desktop\testAppiumGetir\Mobile\Mobile\specs\getirsample.spec
05-07-2021 12:54:35.549 [Gauge] [DEBUG] Api Request Received: messageType:GetStepValueRequest messageId:4 stepValueRequest:<stepText:"* Wait \"5\" seconds" > 
05-07-2021 12:54:35.549 [Gauge] [DEBUG] Sending API response: messageType:GetStepValueResponse messageId:4 stepValueResponse:<stepValue:<stepValue:"* Wait {} seconds" parameterizedStepValue:"* Wait <5> seconds" parameters:"5" > > 
05-07-2021 12:54:35.552 [Gauge] [DEBUG] Api Request Received: messageType:GetStepValueRequest messageId:4 stepValueRequest:<stepText:"* Click element by \"Home_Skip_Button\"" > 
05-07-2021 12:54:35.553 [Gauge] [DEBUG] Sending API response: messageType:GetStepValueResponse messageId:4 stepValueResponse:<stepValue:<stepValue:"* Click element by {}" parameterizedStepValue:"* Click element by <Home_Skip_Button>" parameters:"Home_Skip_Button" > > 
05-07-2021 12:54:35.554 [Gauge] [DEBUG] Api Request Received: messageType:GetStepValueRequest messageId:4 stepValueRequest:<stepText:"* Check if \"GetirSample_Header\" element enable" > 
05-07-2021 12:54:35.554 [Gauge] [DEBUG] Sending API response: messageType:GetStepValueResponse messageId:4 stepValueResponse:<stepValue:<stepValue:"* Check if {} element enable" parameterizedStepValue:"* Check if <GetirSample_Header> element enable" parameters:"GetirSample_Header" > > 
05-07-2021 12:54:35.562 [Gauge] [DEBUG] Api Request Received: messageType:GetStepValueRequest messageId:4 stepValueRequest:<stepText:"* In slider \"Tabs_Area\" slide from Xcoordinate : \"639\" to Xcoordinate : \"283\"" > 
05-07-2021 12:54:35.562 [Gauge] [DEBUG] Sending API response: messageType:GetStepValueResponse messageId:4 stepValueResponse:<stepValue:<stepValue:"* In slider {} slide from Xcoordinate : {} to Xcoordinate : {}" parameterizedStepValue:"* In slider <Tabs_Area> slide from Xcoordinate : <639> to Xcoordinate : <283>" parameters:"Tabs_Area" parameters:"639" parameters:"283" > > 
05-07-2021 12:54:35.563 [Gauge] [DEBUG] Api Request Received: messageType:GetStepValueRequest messageId:4 stepValueRequest:<stepText:"* Click element by \"Tab_Baby_Care\"" > 
05-07-2021 12:54:35.563 [Gauge] [DEBUG] Sending API response: messageType:GetStepValueResponse messageId:4 stepValueResponse:<stepValue:<stepValue:"* Click element by {}" parameterizedStepValue:"* Click element by <Tab_Baby_Care>" parameters:"Tab_Baby_Care" > > 
05-07-2021 12:54:35.563 [Gauge] [DEBUG] Api Request Received: messageType:GetStepValueRequest messageId:4 stepValueRequest:<stepText:"* Choose random in \"Products\"" > 
05-07-2021 12:54:35.563 [Gauge] [DEBUG] Sending API response: messageType:GetStepValueResponse messageId:4 stepValueResponse:<stepValue:<stepValue:"* Choose random in {}" parameterizedStepValue:"* Choose random in <Products>" parameters:"Products" > > 
05-07-2021 12:54:35.563 [Gauge] [DEBUG] Api Request Received: messageType:GetStepValueRequest messageId:4 stepValueRequest:<stepText:"* Find element by \"Price_Label\" and save text \"price1\"" > 
05-07-2021 12:54:35.571 [Gauge] [DEBUG] Sending API response: messageType:GetStepValueResponse messageId:4 stepValueResponse:<stepValue:<stepValue:"* Find element by {} and save text {}" parameterizedStepValue:"* Find element by <Price_Label> and save text <price1>" parameters:"Price_Label" parameters:"price1" > > 
05-07-2021 12:54:35.574 [Gauge] [DEBUG] Api Request Received: messageType:GetStepValueRequest messageId:4 stepValueRequest:<stepText:"* Click element by \"Add_To_Cart\"" > 
05-07-2021 12:54:35.574 [Gauge] [DEBUG] Sending API response: messageType:GetStepValueResponse messageId:4 stepValueResponse:<stepValue:<stepValue:"* Click element by {}" parameterizedStepValue:"* Click element by <Add_To_Cart>" parameters:"Add_To_Cart" > > 
05-07-2021 12:54:35.575 [Gauge] [DEBUG] Api Request Received: messageType:GetStepValueRequest messageId:4 stepValueRequest:<stepText:"* Navigate back" > 
05-07-2021 12:54:35.575 [Gauge] [DEBUG] Sending API response: messageType:GetStepValueResponse messageId:4 stepValueResponse:<stepValue:<stepValue:"* Navigate back" parameterizedStepValue:"* Navigate back" > > 
05-07-2021 12:54:35.575 [Gauge] [DEBUG] Api Request Received: messageType:GetStepValueRequest messageId:4 stepValueRequest:<stepText:"* In slider \"Tabs_Area\" slide from Xcoordinate : \"283\" to Xcoordinate : \"639\"" > 
05-07-2021 12:54:35.576 [Gauge] [DEBUG] Sending API response: messageType:GetStepValueResponse messageId:4 stepValueResponse:<stepValue:<stepValue:"* In slider {} slide from Xcoordinate : {} to Xcoordinate : {}" parameterizedStepValue:"* In slider <Tabs_Area> slide from Xcoordinate : <283> to Xcoordinate : <639>" parameters:"Tabs_Area" parameters:"283" parameters:"639" > > 
05-07-2021 12:54:35.576 [Gauge] [DEBUG] Api Request Received: messageType:GetStepValueRequest messageId:4 stepValueRequest:<stepText:"* Click element by \"Tab_Snacks\"" > 
05-07-2021 12:54:35.576 [Gauge] [DEBUG] Sending API response: messageType:GetStepValueResponse messageId:4 stepValueResponse:<stepValue:<stepValue:"* Click element by {}" parameterizedStepValue:"* Click element by <Tab_Snacks>" parameters:"Tab_Snacks" > > 
05-07-2021 12:54:35.576 [Gauge] [DEBUG] Api Request Received: messageType:GetStepValueRequest messageId:4 stepValueRequest:<stepText:"* Find element by \"Price_Label\" and save text \"price2\"" > 
05-07-2021 12:54:35.576 [Gauge] [DEBUG] Sending API response: messageType:GetStepValueResponse messageId:4 stepValueResponse:<stepValue:<stepValue:"* Find element by {} and save text {}" parameterizedStepValue:"* Find element by <Price_Label> and save text <price2>" parameters:"Price_Label" parameters:"price2" > > 
05-07-2021 12:54:35.579 [Gauge] [DEBUG] Api Request Received: messageType:GetStepValueRequest messageId:4 stepValueRequest:<stepText:"* Click element by \"Hamburger_Menu\"" > 
05-07-2021 12:54:35.580 [Gauge] [DEBUG] Sending API response: messageType:GetStepValueResponse messageId:4 stepValueResponse:<stepValue:<stepValue:"* Click element by {}" parameterizedStepValue:"* Click element by <Hamburger_Menu>" parameters:"Hamburger_Menu" > > 
05-07-2021 12:54:35.580 [Gauge] [DEBUG] Api Request Received: messageType:GetStepValueRequest messageId:4 stepValueRequest:<stepText:"* Click element by \"My_Cart\"" > 
05-07-2021 12:54:35.583 [Gauge] [DEBUG] Sending API response: messageType:GetStepValueResponse messageId:4 stepValueResponse:<stepValue:<stepValue:"* Click element by {}" parameterizedStepValue:"* Click element by <My_Cart>" parameters:"My_Cart" > > 
05-07-2021 12:54:35.584 [Gauge] [DEBUG] Api Request Received: messageType:GetStepValueRequest messageId:4 stepValueRequest:<stepText:"* Find element by \"Cart_Price1\" and compare saved key \"price1\"" > 
05-07-2021 12:54:35.586 [Gauge] [DEBUG] Sending API response: messageType:GetStepValueResponse messageId:4 stepValueResponse:<stepValue:<stepValue:"* Find element by {} and compare saved key {}" parameterizedStepValue:"* Find element by <Cart_Price1> and compare saved key <price1>" parameters:"Cart_Price1" parameters:"price1" > > 
05-07-2021 12:54:35.590 [Gauge] [DEBUG] Api Request Received: messageType:GetStepValueRequest messageId:4 stepValueRequest:<stepText:"* Find element by \"Cart_Price2\" and compare saved key \"price2\"" > 
05-07-2021 12:54:35.596 [Gauge] [DEBUG] Sending API response: messageType:GetStepValueResponse messageId:4 stepValueResponse:<stepValue:<stepValue:"* Find element by {} and compare saved key {}" parameterizedStepValue:"* Find element by <Cart_Price2> and compare saved key <price2>" parameters:"Cart_Price2" parameters:"price2" > > 
05-07-2021 12:54:35.640 [Gauge] [DEBUG] Api Request Received: messageType:GetStepValueRequest messageId:4 stepValueRequest:<stepText:"* Find by \"Remove_Button_Cart_Page\" and click all of them" > 
05-07-2021 12:54:35.641 [Gauge] [DEBUG] Sending API response: messageType:GetStepValueResponse messageId:4 stepValueResponse:<stepValue:<stepValue:"* Find by {} and click all of them" parameterizedStepValue:"* Find by <Remove_Button_Cart_Page> and click all of them" parameters:"Remove_Button_Cart_Page" > > 
05-07-2021 12:54:35.652 [Gauge] [DEBUG] Api Request Received: messageType:GetStepValueRequest messageId:4 stepValueRequest:<stepText:"* Check if element \"Cart_Products\" not exists" > 
05-07-2021 12:54:35.652 [Gauge] [DEBUG] Sending API response: messageType:GetStepValueResponse messageId:4 stepValueResponse:<stepValue:<stepValue:"* Check if element {} not exists" parameterizedStepValue:"* Check if element <Cart_Products> not exists" parameters:"Cart_Products" > > 
05-07-2021 12:54:35.652 [Gauge] [DEBUG] Api Request Received: messageType:GetStepValueRequest messageId:4 stepValueRequest:<stepText:"* \"Tabs_Category\" get the number of the categories" > 
05-07-2021 12:54:35.653 [Gauge] [DEBUG] Sending API response: messageType:GetStepValueResponse messageId:4 stepValueResponse:<stepValue:<stepValue:"* {} get the number of the categories" parameterizedStepValue:"* <Tabs_Category> get the number of the categories" parameters:"Tabs_Category" > > 
05-07-2021 12:54:35.654 [Gauge] [DEBUG] Api Request Received: messageType:GetStepValueRequest messageId:4 stepValueRequest:<stepText:"* In slider \"Tabs_Area\" slide from Xcoordinate : \"700\" to Xcoordinate : \"280\"" > 
05-07-2021 12:54:35.655 [Gauge] [DEBUG] Sending API response: messageType:GetStepValueResponse messageId:4 stepValueResponse:<stepValue:<stepValue:"* In slider {} slide from Xcoordinate : {} to Xcoordinate : {}" parameterizedStepValue:"* In slider <Tabs_Area> slide from Xcoordinate : <700> to Xcoordinate : <280>" parameters:"Tabs_Area" parameters:"700" parameters:"280" > > 
05-07-2021 12:54:35.656 [Gauge] [DEBUG] Api Request Received: messageType:GetStepValueRequest messageId:4 stepValueRequest:<stepText:"* Print list values" > 
05-07-2021 12:54:35.657 [Gauge] [DEBUG] Sending API response: messageType:GetStepValueResponse messageId:4 stepValueResponse:<stepValue:<stepValue:"* Print list values" parameterizedStepValue:"* Print list values" > > 
05-07-2021 12:54:35.659 [Gauge] [DEBUG] Api Request Received: messageType:GetStepValueRequest messageId:4 stepValueRequest:<stepText:"* Choose random in \"Tabs_Category\"" > 
05-07-2021 12:54:35.659 [Gauge] [DEBUG] Sending API response: messageType:GetStepValueResponse messageId:4 stepValueResponse:<stepValue:<stepValue:"* Choose random in {}" parameterizedStepValue:"* Choose random in <Tabs_Category>" parameters:"Tabs_Category" > > 
05-07-2021 12:54:35.659 [Gauge] [DEBUG] Api Request Received: messageType:GetStepValueRequest messageId:4 stepValueRequest:<stepText:"* Random swipe" > 
05-07-2021 12:54:35.659 [Gauge] [DEBUG] Sending API response: messageType:GetStepValueResponse messageId:4 stepValueResponse:<stepValue:<stepValue:"* Random swipe" parameterizedStepValue:"* Random swipe" > > 
05-07-2021 12:54:35.661 [Gauge] [DEBUG] Api Request Received: messageType:GetStepValueRequest messageId:4 stepValueRequest:<stepText:"* In \"Heart_Icon\" list randomly select different \"3\" items" > 
05-07-2021 12:54:35.661 [Gauge] [DEBUG] Sending API response: messageType:GetStepValueResponse messageId:4 stepValueResponse:<stepValue:<stepValue:"* In {} list randomly select different {} items" parameterizedStepValue:"* In <Heart_Icon> list randomly select different <3> items" parameters:"Heart_Icon" parameters:"3" > > 
05-07-2021 12:54:35.661 [Gauge] [DEBUG] Api Request Received: messageType:GetStepValueRequest messageId:4 stepValueRequest:<stepText:"* Click element by \"My_Wishlist\"" > 
05-07-2021 12:54:35.661 [Gauge] [DEBUG] Sending API response: messageType:GetStepValueResponse messageId:4 stepValueResponse:<stepValue:<stepValue:"* Click element by {}" parameterizedStepValue:"* Click element by <My_Wishlist>" parameters:"My_Wishlist" > > 
05-07-2021 12:54:35.667 [Gauge] [DEBUG] Api Request Received: messageType:GetStepValueRequest messageId:4 stepValueRequest:<stepText:"* Find by \"Remove_Button_Wishlist_Page\" and click all of them" > 
05-07-2021 12:54:35.667 [Gauge] [DEBUG] Sending API response: messageType:GetStepValueResponse messageId:4 stepValueResponse:<stepValue:<stepValue:"* Find by {} and click all of them" parameterizedStepValue:"* Find by <Remove_Button_Wishlist_Page> and click all of them" parameters:"Remove_Button_Wishlist_Page" > > 
05-07-2021 12:54:35.669 [Gauge] [DEBUG] Api Request Received: messageType:GetStepValueRequest messageId:4 stepValueRequest:<stepText:"* Check if element \"Wishlist_Products\" not exists" > 
05-07-2021 12:54:35.669 [Gauge] [DEBUG] Sending API response: messageType:GetStepValueResponse messageId:4 stepValueResponse:<stepValue:<stepValue:"* Check if element {} not exists" parameterizedStepValue:"* Check if element <Wishlist_Products> not exists" parameters:"Wishlist_Products" > > 
05-07-2021 12:58:09.822 [Gauge] [INFO] Concept file added / modified: C:\Users\testinium\Desktop\testAppiumGetir\Mobile\Mobile\specs\getirsample.cpt
05-07-2021 12:58:09.838 [Gauge] [INFO] Concept file added / modified: C:\Users\testinium\Desktop\testAppiumGetir\Mobile\Mobile\specs\getirsample.cpt
05-07-2021 12:58:09.841 [Gauge] [INFO] Concept file added / modified: C:\Users\testinium\Desktop\testAppiumGetir\Mobile\Mobile\specs\getirsample.cpt
05-07-2021 12:58:52.862 [Gauge] [INFO] Concept file added / modified: C:\Users\testinium\Desktop\testAppiumGetir\Mobile\Mobile\specs\getirsample.cpt
05-07-2021 12:58:52.864 [Gauge] [INFO] Concept file added / modified: C:\Users\testinium\Desktop\testAppiumGetir\Mobile\Mobile\specs\getirsample.cpt
05-07-2021 13:13:07.553 [Gauge] [INFO] Spec file added / modified: C:\Users\testinium\Desktop\testAppiumGetir\Mobile\Mobile\specs\getirsample.spec
05-07-2021 13:13:07.562 [Gauge] [INFO] Spec file added / modified: C:\Users\testinium\Desktop\testAppiumGetir\Mobile\Mobile\specs\getirsample.spec
05-07-2021 13:43:01.466 [Gauge] [INFO] Concept file added / modified: C:\Users\testinium\Desktop\testAppiumGetir\Mobile\Mobile\specs\getirsample.cpt
